<?xml version="1.0" encoding="UTF-8"?>
<!-- Generated by org.testng.reporters.JUnitReportReporter -->
<testsuite hostname="LAPTOP-PR929EOP" failures="0" tests="5" name="com.qa.opencart.tests.LoginPageTest" time="0.445" errors="0" timestamp="21 Jan 2021 22:25:45 GMT" skipped="3">
  <testcase classname="com.qa.opencart.tests.LoginPageTest" name="verifyLoginPageTitleTest" time="0.212"/>
  <testcase classname="com.qa.opencart.tests.LoginPageTest" name="verifyForgottenPwdLinkExist" time="0.233"/>
  <testcase classname="com.qa.opencart.tests.LoginPageTest" name="loginWithNegativeDataTest" time="0.000">
    <skipped/>
  </testcase> <!-- loginWithNegativeDataTest -->
  <testcase classname="com.qa.opencart.tests.LoginPageTest" name="loginTest">
    <skipped/>
  </testcase> <!-- loginTest -->
  <testcase classname="com.qa.opencart.tests.LoginPageTest" name="clickOnForgottenPasswordTest">
    <skipped/>
  </testcase> <!-- clickOnForgottenPasswordTest -->
</testsuite> <!-- com.qa.opencart.tests.LoginPageTest -->
